<?xml version="1.0" encoding="UTF-8"?>
<!-- Generated by org.testng.reporters.JUnitXMLReporter -->
<testsuite hostname="Kiran" ignored="0" name="GCR SHOP Test Cases" tests="8" failures="1" timestamp="22 Feb 2019 20:20:23 GMT" time="96.29" errors="0">
  <testcase name="loginpagetest" time="0.024" classname="com.gcr.qa.testcases.loginpagetest">
    <failure type="java.lang.AssertionError" message="expected [GR Shop] but found [GCR Shop]">
      <![CDATA[java.lang.AssertionError: expected [GR Shop] but found [GCR Shop]
at com.gcr.qa.testcases.loginpagetest.loginpagetest(loginpagetest.java:33)
... Removed 31 stack frames]]>
    </failure>
  </testcase> <!-- loginpagetest -->
  <testcase name="gcrshoptitle" time="0.077" classname="com.gcr.qa.testcases.homepagetest"/>
  <testcase name="gcrshopimage" time="0.058" classname="com.gcr.qa.testcases.loginpagetest"/>
  <testcase name="clickonmyaccountbtn" time="1.382" classname="com.gcr.qa.testcases.homepagetest"/>
  <testcase name="logintest" time="2.015" classname="com.gcr.qa.testcases.loginpagetest"/>
  <testcase name="checkoutbtn" time="1.594" classname="com.gcr.qa.testcases.homepagetest"/>
  <testcase name="logoffbtn" time="0.669" classname="com.gcr.qa.testcases.homepagetest"/>
  <testcase name="gcrshopptitle" time="0.006" classname="com.gcr.qa.testcases.homepagetest"/>
</testsuite> <!-- GCR SHOP Test Cases -->
